2015/08/25 10:20:11 [error] [exception.CHttpException.403] exception 'CHttpException' with message 'You are not allowed to access this page.' in /home/vagrant/Code/yii-1.1.16/framework/gii/GiiModule.php:170
Stack trace:
#0 /home/vagrant/Code/yii-1.1.16/framework/web/CController.php(263): GiiModule->beforeControllerAction(Object(DefaultController), Object(CInlineAction))
#1 /home/vagrant/Code/yii-1.1.16/framework/web/CWebApplication.php(282): CController->run('')
#2 /home/vagrant/Code/yii-1.1.16/framework/web/CWebApplication.php(141): CWebApplication->runController('gii')
#3 /home/vagrant/Code/yii-1.1.16/framework/base/CApplication.php(184): CWebApplication->processRequest()
#4 /home/vagrant/Code/yii-1.1.16/htdocs/index.php(13): CApplication->run()
#5 {main}
REQUEST_URI=/gii
---
2015/08/25 10:21:03 [error] [exception.CHttpException.403] exception 'CHttpException' with message 'You are not allowed to access this page.' in /home/vagrant/Code/yii-1.1.16/framework/gii/GiiModule.php:170
Stack trace:
#0 /home/vagrant/Code/yii-1.1.16/framework/web/CController.php(263): GiiModule->beforeControllerAction(Object(DefaultController), Object(CInlineAction))
#1 /home/vagrant/Code/yii-1.1.16/framework/web/CWebApplication.php(282): CController->run('')
#2 /home/vagrant/Code/yii-1.1.16/framework/web/CWebApplication.php(141): CWebApplication->runController('gii')
#3 /home/vagrant/Code/yii-1.1.16/framework/base/CApplication.php(184): CWebApplication->processRequest()
#4 /home/vagrant/Code/yii-1.1.16/htdocs/index.php(13): CApplication->run()
#5 {main}
REQUEST_URI=/index.php/gii
---
2015/08/25 10:22:09 [error] [exception.CHttpException.403] exception 'CHttpException' with message 'You are not allowed to access this page.' in /home/vagrant/Code/yii-1.1.16/framework/gii/GiiModule.php:170
Stack trace:
#0 /home/vagrant/Code/yii-1.1.16/framework/web/CController.php(263): GiiModule->beforeControllerAction(Object(DefaultController), Object(CInlineAction))
#1 /home/vagrant/Code/yii-1.1.16/framework/web/CWebApplication.php(282): CController->run('')
#2 /home/vagrant/Code/yii-1.1.16/framework/web/CWebApplication.php(141): CWebApplication->runController('gii')
#3 /home/vagrant/Code/yii-1.1.16/framework/base/CApplication.php(184): CWebApplication->processRequest()
#4 /home/vagrant/Code/yii-1.1.16/htdocs/index.php(13): CApplication->run()
#5 {main}
REQUEST_URI=/index.php/gii
---
2015/08/25 10:25:18 [error] [exception.CHttpException.403] exception 'CHttpException' with message 'You are not allowed to access this page.' in /home/vagrant/Code/yii-1.1.16/framework/gii/GiiModule.php:170
Stack trace:
#0 /home/vagrant/Code/yii-1.1.16/framework/web/CController.php(263): GiiModule->beforeControllerAction(Object(DefaultController), Object(CInlineAction))
#1 /home/vagrant/Code/yii-1.1.16/framework/web/CWebApplication.php(282): CController->run('')
#2 /home/vagrant/Code/yii-1.1.16/framework/web/CWebApplication.php(141): CWebApplication->runController('gii')
#3 /home/vagrant/Code/yii-1.1.16/framework/base/CApplication.php(184): CWebApplication->processRequest()
#4 /home/vagrant/Code/yii-1.1.16/htdocs/index.php(13): CApplication->run()
#5 {main}
REQUEST_URI=/index.php/gii
---
2015/08/25 10:25:22 [error] [exception.CHttpException.403] exception 'CHttpException' with message 'You are not allowed to access this page.' in /home/vagrant/Code/yii-1.1.16/framework/gii/GiiModule.php:170
Stack trace:
#0 /home/vagrant/Code/yii-1.1.16/framework/web/CController.php(263): GiiModule->beforeControllerAction(Object(DefaultController), Object(CInlineAction))
#1 /home/vagrant/Code/yii-1.1.16/framework/web/CWebApplication.php(282): CController->run('')
#2 /home/vagrant/Code/yii-1.1.16/framework/web/CWebApplication.php(141): CWebApplication->runController('gii')
#3 /home/vagrant/Code/yii-1.1.16/framework/base/CApplication.php(184): CWebApplication->processRequest()
#4 /home/vagrant/Code/yii-1.1.16/htdocs/index.php(13): CApplication->run()
#5 {main}
REQUEST_URI=/index.php/gii
---
2015/08/25 10:25:27 [error] [exception.CHttpException.403] exception 'CHttpException' with message 'You are not allowed to access this page.' in /home/vagrant/Code/yii-1.1.16/framework/gii/GiiModule.php:170
Stack trace:
#0 /home/vagrant/Code/yii-1.1.16/framework/web/CController.php(263): GiiModule->beforeControllerAction(Object(DefaultController), Object(CInlineAction))
#1 /home/vagrant/Code/yii-1.1.16/framework/web/CWebApplication.php(282): CController->run('')
#2 /home/vagrant/Code/yii-1.1.16/framework/web/CWebApplication.php(141): CWebApplication->runController('gii')
#3 /home/vagrant/Code/yii-1.1.16/framework/base/CApplication.php(184): CWebApplication->processRequest()
#4 /home/vagrant/Code/yii-1.1.16/htdocs/index.php(13): CApplication->run()
#5 {main}
REQUEST_URI=/index.php/gii
---
2015/08/25 10:25:28 [error] [exception.CHttpException.403] exception 'CHttpException' with message 'You are not allowed to access this page.' in /home/vagrant/Code/yii-1.1.16/framework/gii/GiiModule.php:170
Stack trace:
#0 /home/vagrant/Code/yii-1.1.16/framework/web/CController.php(263): GiiModule->beforeControllerAction(Object(DefaultController), Object(CInlineAction))
#1 /home/vagrant/Code/yii-1.1.16/framework/web/CWebApplication.php(282): CController->run('')
#2 /home/vagrant/Code/yii-1.1.16/framework/web/CWebApplication.php(141): CWebApplication->runController('gii')
#3 /home/vagrant/Code/yii-1.1.16/framework/base/CApplication.php(184): CWebApplication->processRequest()
#4 /home/vagrant/Code/yii-1.1.16/htdocs/index.php(13): CApplication->run()
#5 {main}
REQUEST_URI=/index.php/gii
---
2015/08/25 10:25:29 [error] [exception.CHttpException.403] exception 'CHttpException' with message 'You are not allowed to access this page.' in /home/vagrant/Code/yii-1.1.16/framework/gii/GiiModule.php:170
Stack trace:
#0 /home/vagrant/Code/yii-1.1.16/framework/web/CController.php(263): GiiModule->beforeControllerAction(Object(DefaultController), Object(CInlineAction))
#1 /home/vagrant/Code/yii-1.1.16/framework/web/CWebApplication.php(282): CController->run('')
#2 /home/vagrant/Code/yii-1.1.16/framework/web/CWebApplication.php(141): CWebApplication->runController('gii')
#3 /home/vagrant/Code/yii-1.1.16/framework/base/CApplication.php(184): CWebApplication->processRequest()
#4 /home/vagrant/Code/yii-1.1.16/htdocs/index.php(13): CApplication->run()
#5 {main}
REQUEST_URI=/index.php/gii
---
2015/08/25 10:26:11 [error] [exception.CHttpException.403] exception 'CHttpException' with message 'You are not allowed to access this page.' in /home/vagrant/Code/yii-1.1.16/framework/gii/GiiModule.php:170
Stack trace:
#0 /home/vagrant/Code/yii-1.1.16/framework/web/CController.php(263): GiiModule->beforeControllerAction(Object(DefaultController), Object(CInlineAction))
#1 /home/vagrant/Code/yii-1.1.16/framework/web/CWebApplication.php(282): CController->run('')
#2 /home/vagrant/Code/yii-1.1.16/framework/web/CWebApplication.php(141): CWebApplication->runController('gii')
#3 /home/vagrant/Code/yii-1.1.16/framework/base/CApplication.php(184): CWebApplication->processRequest()
#4 /home/vagrant/Code/yii-1.1.16/htdocs/index.php(13): CApplication->run()
#5 {main}
REQUEST_URI=/index.php/gii
---
2015/08/25 10:27:16 [error] [exception.CHttpException.403] exception 'CHttpException' with message 'You are not allowed to access this page.' in /home/vagrant/Code/yii-1.1.16/framework/gii/GiiModule.php:170
Stack trace:
#0 /home/vagrant/Code/yii-1.1.16/framework/web/CController.php(263): GiiModule->beforeControllerAction(Object(DefaultController), Object(CInlineAction))
#1 /home/vagrant/Code/yii-1.1.16/framework/web/CWebApplication.php(282): CController->run('')
#2 /home/vagrant/Code/yii-1.1.16/framework/web/CWebApplication.php(141): CWebApplication->runController('gii')
#3 /home/vagrant/Code/yii-1.1.16/framework/base/CApplication.php(184): CWebApplication->processRequest()
#4 /home/vagrant/Code/yii-1.1.16/htdocs/index.php(13): CApplication->run()
#5 {main}
REQUEST_URI=/index.php/gii
---
2015/08/25 10:27:18 [error] [exception.CHttpException.403] exception 'CHttpException' with message 'You are not allowed to access this page.' in /home/vagrant/Code/yii-1.1.16/framework/gii/GiiModule.php:170
Stack trace:
#0 /home/vagrant/Code/yii-1.1.16/framework/web/CController.php(263): GiiModule->beforeControllerAction(Object(DefaultController), Object(CInlineAction))
#1 /home/vagrant/Code/yii-1.1.16/framework/web/CWebApplication.php(282): CController->run('')
#2 /home/vagrant/Code/yii-1.1.16/framework/web/CWebApplication.php(141): CWebApplication->runController('gii')
#3 /home/vagrant/Code/yii-1.1.16/framework/base/CApplication.php(184): CWebApplication->processRequest()
#4 /home/vagrant/Code/yii-1.1.16/htdocs/index.php(13): CApplication->run()
#5 {main}
REQUEST_URI=/index.php/gii
---
2015/08/25 10:27:49 [error] [exception.CHttpException.403] exception 'CHttpException' with message 'You are not allowed to access this page.' in /home/vagrant/Code/yii-1.1.16/framework/gii/GiiModule.php:170
Stack trace:
#0 /home/vagrant/Code/yii-1.1.16/framework/web/CController.php(263): GiiModule->beforeControllerAction(Object(DefaultController), Object(CInlineAction))
#1 /home/vagrant/Code/yii-1.1.16/framework/web/CWebApplication.php(282): CController->run('')
#2 /home/vagrant/Code/yii-1.1.16/framework/web/CWebApplication.php(141): CWebApplication->runController('gii')
#3 /home/vagrant/Code/yii-1.1.16/framework/base/CApplication.php(184): CWebApplication->processRequest()
#4 /home/vagrant/Code/yii-1.1.16/htdocs/index.php(13): CApplication->run()
#5 {main}
REQUEST_URI=/index.php/gii
---
2015/08/25 10:27:51 [error] [exception.CHttpException.403] exception 'CHttpException' with message 'You are not allowed to access this page.' in /home/vagrant/Code/yii-1.1.16/framework/gii/GiiModule.php:170
Stack trace:
#0 /home/vagrant/Code/yii-1.1.16/framework/web/CController.php(263): GiiModule->beforeControllerAction(Object(DefaultController), Object(CInlineAction))
#1 /home/vagrant/Code/yii-1.1.16/framework/web/CWebApplication.php(282): CController->run('')
#2 /home/vagrant/Code/yii-1.1.16/framework/web/CWebApplication.php(141): CWebApplication->runController('gii')
#3 /home/vagrant/Code/yii-1.1.16/framework/base/CApplication.php(184): CWebApplication->processRequest()
#4 /home/vagrant/Code/yii-1.1.16/htdocs/index.php(13): CApplication->run()
#5 {main}
REQUEST_URI=/index.php/gii
---
2015/08/25 10:27:52 [error] [exception.CHttpException.403] exception 'CHttpException' with message 'You are not allowed to access this page.' in /home/vagrant/Code/yii-1.1.16/framework/gii/GiiModule.php:170
Stack trace:
#0 /home/vagrant/Code/yii-1.1.16/framework/web/CController.php(263): GiiModule->beforeControllerAction(Object(DefaultController), Object(CInlineAction))
#1 /home/vagrant/Code/yii-1.1.16/framework/web/CWebApplication.php(282): CController->run('')
#2 /home/vagrant/Code/yii-1.1.16/framework/web/CWebApplication.php(141): CWebApplication->runController('gii')
#3 /home/vagrant/Code/yii-1.1.16/framework/base/CApplication.php(184): CWebApplication->processRequest()
#4 /home/vagrant/Code/yii-1.1.16/htdocs/index.php(13): CApplication->run()
#5 {main}
REQUEST_URI=/index.php/gii
---
